16.11.2023. 20:21:15 INFO  [Main                ]  == Processing link == https://dumps.wikimedia.org/other/pageview_complete/2022/2022-01/pageviews-20220101-user.bz2
16.11.2023. 20:23:44 INFO  [Main                ] Nedozvoljeni karakter A\
16.11.2023. 20:23:45 INFO  [Main                ] Nedozvoljeni karakter F\_Sharp\_(programming\_language)
16.11.2023. 20:23:46 INFO  [Main                ] Nedozvoljeni karakter A\J:_Alternatives_Journal
16.11.2023. 20:23:46 INFO  [Main                ] Nedozvoljeni karakter R\West
16.11.2023. 20:23:46 INFO  [Main                ] Nedozvoljeni karakter Ranma_1\2
16.11.2023. 20:23:46 INFO  [Main                ] Nedozvoljeni karakter Black_ICE\White_Noise
16.11.2023. 20:23:46 INFO  [Main                ] Nedozvoljeni karakter Codi_/_\_Cysgu
16.11.2023. 20:23:47 INFO  [Main                ] Nedozvoljeni karakter AC\DC
16.11.2023. 20:23:47 INFO  [Main                ] Nedozvoljeni karakter Kuma\War
16.11.2023. 20:23:47 INFO  [Main                ] Nedozvoljeni karakter Hawkins\Brown
16.11.2023. 20:23:47 INFO  [Main                ] Nedozvoljeni karakter TBWA\Chiat\Day
16.11.2023. 20:23:48 INFO  [Main                ] Nedozvoljeni karakter ETD_Guide/Technical_Issues/Conversions_from_Word,_Word_Perfect_or_other_RTF-compatible_tools_to_SGML\XML
16.11.2023. 20:23:48 INFO  [Main                ] Nedozvoljeni karakter SAASTE_Technology/Activities/Conditioning-Strengthening\Waterproofing-2
16.11.2023. 20:23:48 INFO  [Main                ] Nedozvoljeni karakter Dirlewanger\_Brigade
16.11.2023. 20:23:48 INFO  [Main                ] Nedozvoljeni karakter Page\Park_Architects
16.11.2023. 20:23:48 INFO  [Main                ] Nedozvoljeni karakter Timeline\_of\_the\_2020–2021\_China–India\_skirmishes
16.11.2023. 20:23:48 INFO  [Main                ] Nedozvoljeni karakter Windows_Troubleshooter_Guide/C:\WINDOWS
16.11.2023. 20:23:49 INFO  [Main                ] Nedozvoljeni karakter Control-\
16.11.2023. 20:23:49 INFO  [Main                ] Nedozvoljeni karakter Spirit\Light\Speed
16.11.2023. 20:23:50 INFO  [Main                ]   == Processing done.
16.11.2023. 20:23:50 INFO  [Main                ]  == Processing link == https://dumps.wikimedia.org/other/pageview_complete/2022/2022-01/pageviews-20220102-user.bz2
16.11.2023. 20:26:33 INFO  [Main                ] Nedozvoljeni karakter The_Specialists_(mod)\
16.11.2023. 20:26:34 INFO  [Main                ] Nedozvoljeni karakter Neil_young\heart_of_gold
16.11.2023. 20:26:35 INFO  [Main                ] Nedozvoljeni karakter R\West
16.11.2023. 20:26:35 INFO  [Main                ] Nedozvoljeni karakter Orbital\_inclination
16.11.2023. 20:26:35 INFO  [Main                ] Nedozvoljeni karakter TeX\over
16.11.2023. 20:26:35 INFO  [Main                ] Nedozvoljeni karakter C\C_(Cinderella\Complex)
16.11.2023. 20:26:35 INFO  [Main                ] Nedozvoljeni karakter PETROU\MAN
16.11.2023. 20:26:35 INFO  [Main                ] Nedozvoljeni karakter Black_ICE\White_Noise
16.11.2023. 20:26:35 INFO  [Main                ] Nedozvoljeni karakter Codi_/_\_Cysgu
16.11.2023. 20:26:35 INFO  [Main                ] Nedozvoljeni karakter AC\DC
16.11.2023. 20:26:35 INFO  [Main                ] Nedozvoljeni karakter Kuma\War
16.11.2023. 20:26:36 INFO  [Main                ] Nedozvoljeni karakter Kuma\\War
16.11.2023. 20:26:36 INFO  [Main                ] Nedozvoljeni karakter Hawkins\Brown
16.11.2023. 20:26:36 INFO  [Main                ] Nedozvoljeni karakter TBWA\Chiat\Day
16.11.2023. 20:26:37 INFO  [Main                ] Nedozvoljeni karakter Page\Park_Architects
16.11.2023. 20:26:37 INFO  [Main                ] Nedozvoljeni karakter APL\360
16.11.2023. 20:26:37 INFO  [Main                ] Nedozvoljeni karakter 20\20
16.11.2023. 20:26:37 INFO  [Main                ] Nedozvoljeni karakter Windows_Troubleshooter_Guide/C:\WINDOWS
16.11.2023. 20:26:37 INFO  [Main                ] Nedozvoljeni karakter Ghost\_Rider\_(motorcyclist)
16.11.2023. 20:26:38 INFO  [Main                ] Nedozvoljeni karakter Control-\
16.11.2023. 20:26:38 INFO  [Main                ] Nedozvoljeni karakter Spirit\Light\Speed
16.11.2023. 20:26:39 INFO  [Main                ] Nedozvoljeni karakter ETD_Guide/Students/Preparing_for_conversion_to_SGML\XML
16.11.2023. 20:26:39 INFO  [Main                ]   == Processing done.
16.11.2023. 20:26:39 INFO  [Main                ]  == Processing link == https://dumps.wikimedia.org/other/pageview_complete/2022/2022-01/pageviews-20220103-user.bz2
